<?xml version="1.0" encoding="UTF-8"?>
<!-- Generated by org.testng.reporters.JUnitXMLReporter -->
<testsuite ignored="0" hostname="DESKTOP-C8DN33F" failures="0" tests="6"
	name="------mySample tests-------" time="0.19" errors="0"
	timestamp="2021-07-29T12:11:53 IST">
	<testcase classname="TestNG_Simple1.Class001" name="method01" time="0.017" />
	<testcase classname="TestNG_Simple1.Class001" name="method02" time="0.001" />
	<testcase classname="TestNG_Simple1.Class002" name="method01" time="0.002" />
	<testcase classname="TestNG_Simple1.Class002" name="method02" time="0.007" />
	<testcase classname="TestNG_Simple2.Class003" name="method01" time="0.009" />
	<testcase classname="TestNG_Simple2.Class003" name="method02" time="0.005" />
</testsuite> <!--
-mySample tests- -->
