<?xml version="1.0" encoding="UTF-8"?>
<!-- Generated by org.testng.reporters.JUnitXMLReporter -->
<testsuite ignored="1" hostname="Dell-i37-9Z1F2P2-w11x64" failures="0" tests="2" name="Default test(failed)" time="9.499" errors="0" timestamp="2025-03-31T11:56:58 IST">
  <testcase classname="ReRun_Failed_TCs_usingTestNgFailedXMLfile.TestScript" name="testMethod1" time="0.028"/>
  <testcase classname="ReRun_Failed_TCs_usingTestNgFailedXMLfile.TestScript" name="testMethod3" time="0.002"/>
  <testcase classname="ReRun_Failed_TCs_usingTestNgFailedXMLfile.TestScript" name="testMethod2" time="0.0">
    <ignored/>
  </testcase> <!-- testMethod2 -->
</testsuite> <!-- Default test(failed) -->
