<?xml version="1.0" encoding="UTF-8"?>
<!-- Generated by org.testng.reporters.JUnitXMLReporter -->
<testsuite ignored="2" hostname="Dell-i37-9Z1F2P2-w11x64" failures="1" tests="1" name="Default test(failed)" time="6.185" errors="0" timestamp="2024-01-25T14:09:12 IST">
  <testcase classname="ReRun_Failed_TCs_usingTestNgXML.TestScript" name="testMethod3" time="0.021">
    <failure type="java.lang.AssertionError">
      <![CDATA[java.lang.AssertionError
at ReRun_Failed_TCs_usingTestNgXML.TestScript.testMethod3(TestScript.java:40)
at java.base/java.util.ArrayList.forEach(ArrayList.java:1596)
... Removed 25 stack frames]]>
    </failure>
  </testcase> <!-- testMethod3 -->
  <testcase classname="ReRun_Failed_TCs_usingTestNgXML.TestScript" name="testMethod2" time="0.0">
    <ignored/>
  </testcase> <!-- testMethod2 -->
  <testcase classname="ReRun_Failed_TCs_usingTestNgXML.TestScript" name="testMethod" time="0.0">
    <ignored/>
  </testcase> <!-- testMethod -->
</testsuite> <!-- Default test(failed) -->
