<?xml version="1.0" encoding="UTF-8"?>
<!-- Generated by org.testng.reporters.JUnitXMLReporter -->
<testsuite ignored="0" hostname="Dell-i37-9Z1F2P2-w11x64" failures="0" tests="4" name="Test" time="6.247" errors="0" timestamp="2024-01-05T21:43:42 IST">
  <testcase classname="E08_API_Chaining.E08a_CreateUser" name="createUser" time="4.404"/>
  <testcase classname="E08_API_Chaining.E08b_GetUser" name="getUser" time="0.778"/>
  <testcase classname="E08_API_Chaining.E08c_updateUser" name="createUser" time="0.417"/>
  <testcase classname="E08_API_Chaining.E08d_DeleteUser" name="deleteUser" time="0.552"/>
</testsuite> <!-- Test -->
