<?xml version="1.0" encoding="UTF-8"?>
<testng-results ignored="0" total="1" passed="1" failed="0" skipped="0">
  <reporter-output>
  </reporter-output>
  <suite started-at="2025-06-03T18:55:16 IST" name="Default suite" finished-at="2025-06-03T18:55:21 IST" duration-ms="4720">
    <groups>
    </groups>
    <test started-at="2025-06-03T18:55:16 IST" name="Default test" finished-at="2025-06-03T18:55:21 IST" duration-ms="4720">
      <class name="HTMLUnitDriver_Practice.HTMLUnit">
        <test-method signature="headLessBrowserTest()[pri:0, instance:HTMLUnitDriver_Practice.HTMLUnit@35dab4eb]" started-at="2025-06-03T18:55:16 IST" name="headLessBrowserTest" finished-at="2025-06-03T18:55:21 IST" duration-ms="4626" status="PASS">
          <reporter-output>
          </reporter-output>
        </test-method> <!-- headLessBrowserTest -->
      </class> <!-- HTMLUnitDriver_Practice.HTMLUnit -->
    </test> <!-- Default test -->
  </suite> <!-- Default suite -->
</testng-results>
