<?xml version="1.0" encoding="UTF-8"?>
<testng-results ignored="0" total="1" passed="1" failed="0" skipped="0">
  <reporter-output>
  </reporter-output>
  <suite started-at="2023-12-06T20:46:36 IST" name="Default suite" finished-at="2023-12-06T20:47:04 IST" duration-ms="28199">
    <groups>
    </groups>
    <test started-at="2023-12-06T20:46:36 IST" name="Default test" finished-at="2023-12-06T20:47:04 IST" duration-ms="28199">
      <class name="testng.framework.Log4jDemo">
        <test-method signature="setUp()[pri:0, instance:testng.framework.Log4jDemo@16a0ee18]" started-at="2023-12-06T20:46:36 IST" name="setUp" finished-at="2023-12-06T20:47:04 IST" duration-ms="28122" status="PASS">
          <reporter-output>
          </reporter-output>
        </test-method> <!-- setUp -->
      </class> <!-- testng.framework.Log4jDemo -->
    </test> <!-- Default test -->
  </suite> <!-- Default suite -->
</testng-results>
