<?xml version="1.0" encoding="UTF-8"?>
<testng-results skipped="0" failed="0" total="1" passed="1">
  <reporter-output>
  </reporter-output>
  <suite name="Default suite" duration-ms="17382" started-at="2019-11-07T06:12:35Z" finished-at="2019-11-07T06:12:53Z">
    <groups>
    </groups>
    <test name="Default test" duration-ms="17382" started-at="2019-11-07T06:12:35Z" finished-at="2019-11-07T06:12:53Z">
      <class name="com.OHRM.TestScripts.LoginTest">
        <test-method status="PASS" signature="login()[pri:0, instance:com.OHRM.TestScripts.LoginTest@3ab39c39]" name="login" duration-ms="17353" started-at="2019-11-07T11:42:35Z" finished-at="2019-11-07T11:42:53Z">
          <reporter-output>
          </reporter-output>
        </test-method> <!-- login -->
      </class> <!-- com.OHRM.TestScripts.LoginTest -->
    </test> <!-- Default test -->
  </suite> <!-- Default suite -->
</testng-results>
