<?xml version="1.0" encoding="UTF-8"?>
<!-- Generated by org.testng.reporters.JUnitXMLReporter -->
<testsuite ignored="0" hostname="Dell-i37-9Z1F2P2-w11x64" failures="0" tests="2" name="------Selenium Web Automatiin tests-------" time="31.245" errors="0" timestamp="2023-11-06T18:26:32 IST">
  <testcase classname="SeleniumLatestFeaturesGroup.NewFeatures.EX01_SeleniumManager_BrowserManagement" name="tesOnChrome" time="18.96"/>
  <testcase classname="SeleniumLatestFeaturesGroup.NewFeatures.EX01_SeleniumManager_BrowserManagement" name="testOnFirefox" time="12.203"/>
</testsuite> <!-- -Selenium Web Automatiin tests- -->
