<?xml version="1.0" encoding="UTF-8"?>
<!-- Generated by org.testng.reporters.JUnitXMLReporter -->
<testsuite ignored="2" hostname="Dell-i37-9Z1F2P2-w11x64" failures="0" tests="1"
	name="Default test(failed)(failed)(failed)(failed)" time="5.246" errors="0"
	timestamp="2024-01-25T14:04:41 IST">
	<testcase classname="ReRun_Failed_TCs_usingTestNgXML.TestScript"
		name="testMethod3" time="0.018" />
	<testcase classname="ReRun_Failed_TCs_usingTestNgXML.TestScript"
		name="testMethod2" time="0.0">
		<ignored />
	</testcase> <!-- testMethod2 -->
	<testcase classname="ReRun_Failed_TCs_usingTestNgXML.TestScript"
		name="testMethod" time="0.0">
		<ignored />
	</testcase> <!-- testMethod -->
</testsuite> <!-- Default
test(failed)(failed)(failed)(failed) -->
