<?xml version="1.0" encoding="UTF-8"?>
<!-- Generated by org.testng.reporters.JUnitXMLReporter -->
<testsuite ignored="2" hostname="DESKTOP-C8DN33F" failures="0" tests="4" name="---Sample tests---" time="0.119" errors="0" timestamp="2021-07-29T15:56:07 IST">
  <testcase classname="TestNG_Simple1.Class002" name="method01" time="0.017"/>
  <testcase classname="TestNG_Simple1.Class002" name="method02" time="0.004"/>
  <testcase classname="TestNG_Simple2.Class003" name="method01" time="0.003"/>
  <testcase classname="TestNG_Simple2.Class003" name="method02" time="0.008"/>
  <testcase classname="TestNG_Simple1.Class001" name="method02" time="0.0">
    <ignored/>
  </testcase> <!-- method02 -->
  <testcase classname="TestNG_Simple1.Class001" name="method01" time="0.0">
    <ignored/>
  </testcase> <!-- method01 -->
</testsuite> <!-- -Sample tests- -->
