<?xml version="1.0" encoding="UTF-8"?>
<!-- Generated by org.testng.reporters.JUnitXMLReporter -->
<testsuite ignored="2" hostname="Dell-i37-9Z1F2P2-w11x64" failures="0" tests="1" name="Default test(failed)(failed)" time="9.522" errors="0" timestamp="2025-03-31T13:50:27 IST">
  <testcase classname="RetryingTheFailedTestMethods_using_TestNGFailedxmlFile.TestScript" name="testMethod3" time="0.025"/>
  <testcase classname="RetryingTheFailedTestMethods_using_TestNGFailedxmlFile.TestScript" name="testMethod2" time="0.0">
    <ignored/>
  </testcase> <!-- testMethod2 -->
  <testcase classname="RetryingTheFailedTestMethods_using_TestNGFailedxmlFile.TestScript" name="testMethod1" time="0.0">
    <ignored/>
  </testcase> <!-- testMethod1 -->
</testsuite> <!-- Default test(failed)(failed) -->
