<?xml version="1.0" encoding="UTF-8"?>
<!-- Generated by org.testng.reporters.JUnitXMLReporter -->
<testsuite hostname="DESKTOP-S2A13D3" name="-----my sample test-------" tests="5" failures="0" timestamp="17 Oct 2019 11:45:50 GMT" time="0.071" errors="0">
  <testcase name="method01" time="0.018" classname="TestNG_Simple1.Class001"/>
  <testcase name="method01" time="0.0" classname="TestNG_Simple1.Class002"/>
  <testcase name="method02" time="0.003" classname="TestNG_Simple1.Class002"/>
  <testcase name="method01" time="0.002" classname="TestNG_Simple2.Class003"/>
  <testcase name="method02" time="0.005" classname="TestNG_Simple2.Class003"/>
</testsuite> <!-- -my sample test- -->
