<?xml version="1.0" encoding="UTF-8"?>
<!-- Generated by org.testng.reporters.JUnitXMLReporter -->
<testsuite ignored="0" hostname="Dell-i37-9Z1F2P2-w11x64" failures="0" tests="7" name="Test" time="62.979" errors="0" timestamp="2025-03-29T12:22:25 IST">
  <testcase classname="TestNG_ParallelTesting.copy.Class003" name="method01" time="34.944"/>
  <testcase classname="TestNG_ParallelTesting.copy.Class003" name="method02" time="0.012"/>
  <testcase classname="TestNG_ParallelTesting.copy.Class003" name="method03" time="0.005"/>
  <testcase classname="TestNG_ParallelTesting.copy.Class001" name="method01" time="51.974"/>
  <testcase classname="TestNG_ParallelTesting.copy.Class001" name="method02" time="0.002"/>
  <testcase classname="TestNG_ParallelTesting.copy.Class002" name="method01" time="62.881"/>
  <testcase classname="TestNG_ParallelTesting.copy.Class002" name="method02" time="0.003"/>
</testsuite> <!-- Test -->
