<?xml version="1.0" encoding="UTF-8"?>
<!-- Generated by org.testng.reporters.JUnitXMLReporter -->
<testsuite ignored="0" hostname="Dell-i37-9Z1F2P2-w11x64" failures="0" tests="7" name="Default test" time="0.296" errors="0" timestamp="2025-03-29T14:12:37 IST">
  <testcase classname="TestNG_Grouping.Grouping" name="test1" time="0.024"/>
  <testcase classname="TestNG_Grouping.Grouping" name="test2" time="0.005"/>
  <testcase classname="TestNG_Grouping.Grouping" name="test3" time="0.008"/>
  <testcase classname="TestNG_Grouping.Grouping" name="test4" time="0.005"/>
  <testcase classname="TestNG_Grouping.Grouping" name="test5" time="0.006"/>
  <testcase classname="TestNG_Grouping.Grouping" name="test6" time="0.011"/>
  <testcase classname="TestNG_Grouping.Grouping" name="test7" time="0.005"/>
</testsuite> <!-- Default test -->
