<?xml version="1.0" encoding="UTF-8"?>
<testng-results skipped="0" failed="0" ignored="0" total="1" passed="1">
  <reporter-output>
  </reporter-output>
  <suite name="Suite" duration-ms="30973" started-at="2020-02-08T18:13:20 IST" finished-at="2020-02-08T18:13:51 IST">
    <groups>
    </groups>
    <test name="Test" duration-ms="30973" started-at="2020-02-08T18:13:20 IST" finished-at="2020-02-08T18:13:51 IST">
      <class name="maventest.pack.DemoTest">
        <test-method status="PASS" signature="setUp()[pri:0, instance:maventest.pack.DemoTest@42dafa95]" name="setUp" duration-ms="30728" started-at="2020-02-08T18:13:20 IST" finished-at="2020-02-08T18:13:51 IST">
          <reporter-output>
          </reporter-output>
        </test-method> <!-- setUp -->
      </class> <!-- maventest.pack.DemoTest -->
    </test> <!-- Test -->
  </suite> <!-- Suite -->
</testng-results>
