<?xml version="1.0" encoding="UTF-8"?>
<!-- Generated by org.testng.reporters.JUnitXMLReporter -->
<testsuite ignored="0" hostname="Dell-i37-9Z1F2P2-w11x64" failures="0" tests="9" name="Default test" time="24.443" errors="0" timestamp="2024-01-11T22:08:13 IST">
  <testcase classname="api.test.DDTests" name="testPostUser" time="7.089"/>
  <testcase classname="api.test.DDTests" name="testPostUser" time="1.602"/>
  <testcase classname="api.test.DDTests" name="testPostUser" time="1.567"/>
  <testcase classname="api.test.DDTests" name="testGetUser" time="1.692"/>
  <testcase classname="api.test.DDTests" name="testGetUser" time="1.526"/>
  <testcase classname="api.test.DDTests" name="testGetUser" time="1.516"/>
  <testcase classname="api.test.DDTests" name="testDeleteUserByName" time="1.525"/>
  <testcase classname="api.test.DDTests" name="testDeleteUserByName" time="1.737"/>
  <testcase classname="api.test.DDTests" name="testDeleteUserByName" time="1.565"/>
</testsuite> <!-- Default test -->
