<?xml version="1.0" encoding="UTF-8"?>
<!-- Generated by org.testng.reporters.JUnitXMLReporter -->
<testsuite ignored="0" hostname="Dell-i37-9Z1F2P2-w11x64" failures="0" tests="4" name="Default test" time="13.417" errors="0" timestamp="2024-01-10T21:27:38 IST">
  <testcase classname="api.test.UserTests" name="testPostUser" time="5.078"/>
  <testcase classname="api.test.UserTests" name="getUserByName" time="1.581"/>
  <testcase classname="api.test.UserTests" name="testUpadateUserByName" time="4.684"/>
  <testcase classname="api.test.UserTests" name="testDeleteUserByName" time="1.622"/>
</testsuite> <!-- Default test -->
