<?xml version="1.0" encoding="UTF-8"?>
<testng-results ignored="0" total="4" passed="4" failed="0" skipped="0">
  <reporter-output>
  </reporter-output>
  <suite started-at="2024-01-10T21:27:25 IST" name="Default suite" finished-at="2024-01-10T21:27:38 IST" duration-ms="13417">
    <groups>
    </groups>
    <test started-at="2024-01-10T21:27:25 IST" name="Default test" finished-at="2024-01-10T21:27:38 IST" duration-ms="13417">
      <class name="api.test.UserTests">
        <test-method is-config="true" signature="setup()[pri:0, instance:api.test.UserTests@2a265ea9]" started-at="2024-01-10T21:27:25 IST" name="setup" finished-at="2024-01-10T21:27:25 IST" duration-ms="367" status="PASS">
          <reporter-output>
          </reporter-output>
        </test-method> <!-- setup -->
        <test-method signature="testPostUser()[pri:1, instance:api.test.UserTests@2a265ea9]" started-at="2024-01-10T21:27:25 IST" name="testPostUser" finished-at="2024-01-10T21:27:30 IST" duration-ms="5078" status="PASS">
          <reporter-output>
          </reporter-output>
        </test-method> <!-- testPostUser -->
        <test-method signature="getUserByName()[pri:2, instance:api.test.UserTests@2a265ea9]" started-at="2024-01-10T21:27:30 IST" name="getUserByName" finished-at="2024-01-10T21:27:32 IST" duration-ms="1581" status="PASS">
          <reporter-output>
          </reporter-output>
        </test-method> <!-- getUserByName -->
        <test-method signature="testUpadateUserByName()[pri:3, instance:api.test.UserTests@2a265ea9]" started-at="2024-01-10T21:27:32 IST" name="testUpadateUserByName" finished-at="2024-01-10T21:27:37 IST" duration-ms="4684" status="PASS">
          <reporter-output>
          </reporter-output>
        </test-method> <!-- testUpadateUserByName -->
        <test-method signature="testDeleteUserByName()[pri:4, instance:api.test.UserTests@2a265ea9]" started-at="2024-01-10T21:27:37 IST" name="testDeleteUserByName" finished-at="2024-01-10T21:27:38 IST" duration-ms="1622" status="PASS">
          <reporter-output>
          </reporter-output>
        </test-method> <!-- testDeleteUserByName -->
      </class> <!-- api.test.UserTests -->
    </test> <!-- Default test -->
  </suite> <!-- Default suite -->
</testng-results>
