<?xml version="1.0" encoding="UTF-8"?>
<testng-results ignored="0" total="1" passed="1" failed="0" skipped="0">
  <reporter-output>
  </reporter-output>
  <suite started-at="2025-07-31T18:17:30 IST" name="Default suite" finished-at="2025-07-31T18:17:36 IST" duration-ms="5647">
    <groups>
    </groups>
    <test started-at="2025-07-31T18:17:30 IST" name="Default test" finished-at="2025-07-31T18:17:36 IST" duration-ms="5647">
      <class name="api.test.Z2_PutRequestEx">
        <test-method is-config="true" signature="setup()[pri:0, instance:api.test.Z2_PutRequestEx@117159c0]" started-at="2025-07-31T18:17:30 IST" name="setup" finished-at="2025-07-31T18:17:31 IST" duration-ms="724" status="PASS">
          <reporter-output>
          </reporter-output>
        </test-method> <!-- setup -->
        <test-method signature="putRequest()[pri:0, instance:api.test.Z2_PutRequestEx@117159c0]" started-at="2025-07-31T18:17:31 IST" name="putRequest" finished-at="2025-07-31T18:17:36 IST" duration-ms="4840" status="PASS">
          <reporter-output>
          </reporter-output>
        </test-method> <!-- putRequest -->
      </class> <!-- api.test.Z2_PutRequestEx -->
    </test> <!-- Default test -->
  </suite> <!-- Default suite -->
</testng-results>
