<?xml version="1.0" encoding="UTF-8"?>
<!-- Generated by org.testng.reporters.JUnitXMLReporter -->
<testsuite ignored="0" hostname="Dell-i37-9Z1F2P2-w11x64" failures="1" tests="1" name="Test" time="17.019" errors="0" timestamp="2025-04-01T22:27:12 IST">
  <testcase classname="ExtentReports_V5.T001_AccountRegistration" name="verify_account_registration" time="7.262">
    <failure type="java.lang.AssertionError" message="Intentionally i&amp;apos;m Failing the script">
      <![CDATA[java.lang.AssertionError: Intentionally i'm Failing the script
at ExtentReports_V5.T001_AccountRegistration.verify_account_registration(T001_AccountRegistration.java:37)
at java.base/java.util.ArrayList.forEach(ArrayList.java:1596)
... Removed 26 stack frames]]>
    </failure>
  </testcase> <!-- verify_account_registration -->
</testsuite> <!-- Test -->
