<?xml version="1.0" encoding="UTF-8"?>
<testng-results ignored="0" total="1" passed="1" failed="0" skipped="0">
  <reporter-output>
  </reporter-output>
  <suite started-at="2024-01-02T20:55:53 IST" name="Default suite" finished-at="2024-01-02T20:55:57 IST" duration-ms="3371">
    <groups>
    </groups>
    <test started-at="2024-01-02T20:55:53 IST" name="Default test" finished-at="2024-01-02T20:55:57 IST" duration-ms="3371">
      <class name="E02_WaysToCreateRequestBody.E02_WaysToCreateRequestBody">
        <test-method signature="testDelete()[pri:5, instance:E02_WaysToCreateRequestBody.E02_WaysToCreateRequestBody@49049a04]" started-at="2024-01-02T20:55:53 IST" name="testDelete" finished-at="2024-01-02T20:55:57 IST" duration-ms="3265" status="PASS">
          <reporter-output>
          </reporter-output>
        </test-method> <!-- testDelete -->
      </class> <!-- E02_WaysToCreateRequestBody.E02_WaysToCreateRequestBody -->
    </test> <!-- Default test -->
  </suite> <!-- Default suite -->
</testng-results>
