<?xml version="1.0" encoding="UTF-8"?>
<testng-results ignored="0" total="2" passed="2" failed="0" skipped="0">
  <reporter-output>
  </reporter-output>
  <suite started-at="2021-10-28T14:35:18 IST" name="Suite" finished-at="2021-10-28T14:35:32 IST" duration-ms="14919">
    <groups>
    </groups>
    <test started-at="2021-10-28T14:35:18 IST" name="Test" finished-at="2021-10-28T14:35:32 IST" duration-ms="14919">
      <class name="MyPackage.Sample">
        <test-method signature="myTest()[pri:0, instance:MyPackage.Sample@768b970c]" started-at="2021-10-28T14:35:18 IST" name="myTest" finished-at="2021-10-28T14:35:32 IST" duration-ms="14844" status="PASS">
          <reporter-output>
          </reporter-output>
        </test-method> <!-- myTest -->
        <test-method signature="myTest1()[pri:0, instance:MyPackage.Sample@768b970c]" started-at="2021-10-28T14:35:32 IST" name="myTest1" finished-at="2021-10-28T14:35:32 IST" duration-ms="0" status="PASS">
          <reporter-output>
          </reporter-output>
        </test-method> <!-- myTest1 -->
      </class> <!-- MyPackage.Sample -->
    </test> <!-- Test -->
  </suite> <!-- Suite -->
</testng-results>
