<?xml version="1.0" encoding="UTF-8"?>
<!-- Generated by org.testng.reporters.JUnitXMLReporter -->
<testsuite hostname="DESKTOP-S2A13D3" name="Sample tests" tests="5" failures="0" timestamp="9 Sep 2019 14:06:54 GMT" time="0.062" errors="0">
  <testcase name="method01" time="0.015" classname="Sample1.Class01"/>
  <testcase name="method01" time="0.0" classname="Sample1.Class02"/>
  <testcase name="method02" time="0.0" classname="Sample1.Class02"/>
  <testcase name="method01" time="0.0" classname="Sample2.Class03"/>
  <testcase name="method02" time="0.0" classname="Sample2.Class03"/>
</testsuite> <!-- Sample tests -->
