<?xml version="1.0" encoding="UTF-8"?>
<!-- Generated by org.testng.reporters.JUnitXMLReporter -->
<testsuite ignored="1" hostname="DESKTOP-C8DN33F" failures="0" tests="5"
	name="---my sample tests---" time="0.125" errors="0"
	timestamp="2021-07-29T16:04:07 IST">
	<testcase classname="TestNG_Simple1.Class001" name="method01" time="0.021" />
	<testcase classname="TestNG_Simple1.Class002" name="method01" time="0.003" />
	<testcase classname="TestNG_Simple1.Class002" name="method02" time="0.003" />
	<testcase classname="TestNG_Simple2.Class003" name="method01" time="0.003" />
	<testcase classname="TestNG_Simple2.Class003" name="method02" time="0.005" />
	<testcase classname="TestNG_Simple1.Class001" name="method02" time="0.0">
		<ignored />
	</testcase> <!-- method02 -->
</testsuite> <!-- -my sample tests- -->
