-------------------------------------------------------------------------------
Test set: testRunner.TestRunner
-------------------------------------------------------------------------------
Tests run: 6, Failures: 1, Errors: 0, Skipped: 0, Time elapsed: 176.941 s <<< FAILURE! - in testRunner.TestRunner
Login.Login Data Driven #2  Time elapsed: 12.217 s  <<< FAILURE!
java.lang.AssertionError

