<?xml version="1.0" encoding="UTF-8"?>
<testng-results ignored="0" total="1" passed="1" failed="0" skipped="0">
  <reporter-output>
  </reporter-output>
  <suite started-at="2023-12-13T12:44:04 IST" name="Default suite" finished-at="2023-12-13T12:44:26 IST" duration-ms="22299">
    <groups>
    </groups>
    <test started-at="2023-12-13T12:44:04 IST" name="Default test" finished-at="2023-12-13T12:44:26 IST" duration-ms="22299">
      <class name="ExtentReportsV4_Demo.ExtentDemo">
        <test-method is-config="true" signature="extentInfo()[pri:0, instance:ExtentReportsV4_Demo.ExtentDemo@76a4ebf2]" started-at="2023-12-13T12:44:04 IST" name="extentInfo" finished-at="2023-12-13T12:44:04 IST" duration-ms="372" status="PASS">
          <reporter-output>
          </reporter-output>
        </test-method> <!-- extentInfo -->
        <test-method is-config="true" signature="setUp()[pri:0, instance:ExtentReportsV4_Demo.ExtentDemo@76a4ebf2]" started-at="2023-12-13T12:44:04 IST" name="setUp" finished-at="2023-12-13T12:44:17 IST" duration-ms="13043" status="PASS">
          <reporter-output>
          </reporter-output>
        </test-method> <!-- setUp -->
        <test-method signature="titleTest()[pri:0, instance:ExtentReportsV4_Demo.ExtentDemo@76a4ebf2]" started-at="2023-12-13T12:44:17 IST" name="titleTest" finished-at="2023-12-13T12:44:25 IST" duration-ms="7877" status="PASS">
          <reporter-output>
          </reporter-output>
        </test-method> <!-- titleTest -->
        <test-method is-config="true" signature="tearDown()[pri:0, instance:ExtentReportsV4_Demo.ExtentDemo@76a4ebf2]" started-at="2023-12-13T12:44:25 IST" name="tearDown" finished-at="2023-12-13T12:44:26 IST" duration-ms="498" status="PASS">
          <reporter-output>
          </reporter-output>
        </test-method> <!-- tearDown -->
        <test-method is-config="true" signature="endReport()[pri:0, instance:ExtentReportsV4_Demo.ExtentDemo@76a4ebf2]" started-at="2023-12-13T12:44:26 IST" name="endReport" finished-at="2023-12-13T12:44:26 IST" duration-ms="443" status="PASS">
          <reporter-output>
          </reporter-output>
        </test-method> <!-- endReport -->
      </class> <!-- ExtentReportsV4_Demo.ExtentDemo -->
    </test> <!-- Default test -->
  </suite> <!-- Default suite -->
</testng-results>
