<?xml version="1.0" encoding="UTF-8"?>
<testng-results ignored="0" total="1" passed="1" failed="0" skipped="0">
  <reporter-output>
  </reporter-output>
  <suite started-at="2025-04-01T11:34:37 IST" name="Default suite" finished-at="2025-04-01T11:34:57 IST" duration-ms="20359">
    <groups>
    </groups>
    <test started-at="2025-04-01T11:34:37 IST" name="Default test" finished-at="2025-04-01T11:34:57 IST" duration-ms="20359">
      <class name="ExtentReportsV4_Demo.ExtentDemo">
        <test-method is-config="true" signature="extentInfo()[pri:0, instance:ExtentReportsV4_Demo.ExtentDemo@4b013c76]" started-at="2025-04-01T11:34:37 IST" name="extentInfo" finished-at="2025-04-01T11:34:37 IST" duration-ms="397" status="PASS">
          <reporter-output>
          </reporter-output>
        </test-method> <!-- extentInfo -->
        <test-method is-config="true" signature="setUp()[pri:0, instance:ExtentReportsV4_Demo.ExtentDemo@4b013c76]" started-at="2025-04-01T11:34:37 IST" name="setUp" finished-at="2025-04-01T11:34:50 IST" duration-ms="12798" status="PASS">
          <reporter-output>
          </reporter-output>
        </test-method> <!-- setUp -->
        <test-method signature="titleTest()[pri:0, instance:ExtentReportsV4_Demo.ExtentDemo@4b013c76]" started-at="2025-04-01T11:34:50 IST" name="titleTest" finished-at="2025-04-01T11:34:56 IST" duration-ms="6641" status="PASS">
          <reporter-output>
          </reporter-output>
        </test-method> <!-- titleTest -->
        <test-method is-config="true" signature="tearDown()[pri:0, instance:ExtentReportsV4_Demo.ExtentDemo@4b013c76]" started-at="2025-04-01T11:34:56 IST" name="tearDown" finished-at="2025-04-01T11:34:57 IST" duration-ms="426" status="PASS">
          <reporter-output>
          </reporter-output>
        </test-method> <!-- tearDown -->
        <test-method is-config="true" signature="endReport()[pri:0, instance:ExtentReportsV4_Demo.ExtentDemo@4b013c76]" started-at="2025-04-01T11:34:57 IST" name="endReport" finished-at="2025-04-01T11:34:57 IST" duration-ms="16" status="PASS">
          <reporter-output>
          </reporter-output>
        </test-method> <!-- endReport -->
      </class> <!-- ExtentReportsV4_Demo.ExtentDemo -->
    </test> <!-- Default test -->
  </suite> <!-- Default suite -->
</testng-results>
