<?xml version="1.0" encoding="UTF-8"?>
<testng-results ignored="0" total="2" passed="2" failed="0" skipped="0">
  <reporter-output>
  </reporter-output>
  <suite started-at="2023-11-06T19:01:52 IST" name="------Selenium Webdriver Demo suite------" finished-at="2023-11-06T19:02:09 IST" duration-ms="17444">
    <groups>
    </groups>
    <test started-at="2023-11-06T19:01:52 IST" name="------Selenium Browser Automatiin tests------" finished-at="2023-11-06T19:02:09 IST" duration-ms="17444">
      <class name="SeleniumLatestFeaturesGroup.NewFeatures.EX01_SeleniumManager_BrowserManagement2">
        <test-method signature="testChromeVersion()[pri:0, instance:SeleniumLatestFeaturesGroup.NewFeatures.EX01_SeleniumManager_BrowserManagement2@72d1ad2e]" started-at="2023-11-06T19:01:52 IST" name="testChromeVersion" finished-at="2023-11-06T19:02:00 IST" duration-ms="8287" status="PASS">
          <reporter-output>
          </reporter-output>
        </test-method> <!-- testChromeVersion -->
        <test-method signature="testFirefoxVersion()[pri:0, instance:SeleniumLatestFeaturesGroup.NewFeatures.EX01_SeleniumManager_BrowserManagement2@72d1ad2e]" started-at="2023-11-06T19:02:00 IST" name="testFirefoxVersion" finished-at="2023-11-06T19:02:09 IST" duration-ms="9062" status="PASS">
          <reporter-output>
          </reporter-output>
        </test-method> <!-- testFirefoxVersion -->
      </class> <!-- SeleniumLatestFeaturesGroup.NewFeatures.EX01_SeleniumManager_BrowserManagement2 -->
    </test> <!-- -Selenium Browser Automatiin tests- -->
  </suite> <!-- -Selenium Webdriver Demo suite- -->
</testng-results>
