<?xml version="1.0" encoding="UTF-8"?>
<robot generator="Robot 4.1.2 (Python 3.10.0 on win32)" generated="20211210 12:59:52.023" rpa="false" schemaversion="2">
<suite id="s1" name="RobotFrameworkKT" source="F:\LT eclipse-workspace\RobotFrameworkKT">
<suite id="s1-s1" name="Demo" source="F:\LT eclipse-workspace\RobotFrameworkKT\Demo">
<suite id="s1-s1-s1" name="MyFirstRobot" source="F:\LT eclipse-workspace\RobotFrameworkKT\Demo\MyFirstRobot.robot">
<test id="s1-s1-s1-t1" name="Hello World">
<kw name="Log To Console" library="BuiltIn">
<arg>Hello World</arg>
<doc>Logs the given message to the console.</doc>
<status status="PASS" starttime="20211210 12:59:52.238" endtime="20211210 12:59:52.239"/>
</kw>
<status status="PASS" starttime="20211210 12:59:52.235" endtime="20211210 12:59:52.247"/>
</test>
<status status="PASS" starttime="20211210 12:59:52.229" endtime="20211210 12:59:52.252"/>
</suite>
<status status="PASS" starttime="20211210 12:59:52.217" endtime="20211210 12:59:52.262"/>
</suite>
<status status="PASS" starttime="20211210 12:59:52.163" endtime="20211210 12:59:52.265"/>
</suite>
<statistics>
<total>
<stat pass="1" fail="0" skip="0">All Tests</stat>
</total>
<tag>
</tag>
<suite>
<stat pass="1" fail="0" skip="0" id="s1" name="RobotFrameworkKT">RobotFrameworkKT</stat>
<stat pass="1" fail="0" skip="0" id="s1-s1" name="Demo">RobotFrameworkKT.Demo</stat>
<stat pass="1" fail="0" skip="0" id="s1-s1-s1" name="MyFirstRobot">RobotFrameworkKT.Demo.MyFirstRobot</stat>
</suite>
</statistics>
<errors>
</errors>
</robot>
