<?xml version="1.0" encoding="UTF-8"?>
<!-- Generated by org.testng.reporters.JUnitXMLReporter -->
<testsuite ignored="0" hostname="Dell-i37-9Z1F2P2-w11x64" failures="0" tests="4" name="Default test" time="32.874" errors="0" timestamp="2025-03-21T00:08:22 IST">
  <testcase classname="TestNG_with_WD.EX6_TestNG_dataProvider" name="login" time="5.857"/>
  <testcase classname="TestNG_with_WD.EX6_TestNG_dataProvider" name="login" time="5.663"/>
  <testcase classname="TestNG_with_WD.EX6_TestNG_dataProvider" name="login" time="5.71"/>
  <testcase classname="TestNG_with_WD.EX6_TestNG_dataProvider" name="login" time="6.777"/>
</testsuite> <!-- Default test -->
