<?xml version="1.0" encoding="UTF-8"?>
<!-- Generated by org.testng.reporters.JUnitXMLReporter -->
<testsuite hostname="DESKTOP-S2A13D3" name="-----my simple Tests-----" tests="6" failures="0" timestamp="17 Oct 2019 12:50:54 GMT" time="0.06" errors="0">
  <testcase name="method01" time="0.016" classname="TestNG_Simple1.Class001"/>
  <testcase name="method02" time="0.001" classname="TestNG_Simple1.Class001"/>
  <testcase name="method01" time="0.001" classname="TestNG_Simple1.Class002"/>
  <testcase name="method02" time="0.001" classname="TestNG_Simple1.Class002"/>
  <testcase name="method01" time="0.002" classname="TestNG_Simple2.Class003"/>
  <testcase name="method02" time="0.001" classname="TestNG_Simple2.Class003"/>
</testsuite> <!-- -my simple Tests- -->
