<?xml version="1.0" encoding="UTF-8"?>
<testng-results ignored="0" total="1" passed="1" failed="0" skipped="0">
  <reporter-output>
  </reporter-output>
  <suite started-at="2024-06-07T19:27:36 IST" name="Default suite" finished-at="2024-06-07T19:27:40 IST" duration-ms="3618">
    <groups>
    </groups>
    <test started-at="2024-06-07T19:27:36 IST" name="Default test" finished-at="2024-06-07T19:27:40 IST" duration-ms="3618">
      <class name="E06_JSONandXMLSchemaValidation.E06a_JSONSchemaValidation2">
        <test-method signature="jsonSchemaValidation()[pri:0, instance:E06_JSONandXMLSchemaValidation.E06a_JSONSchemaValidation2@27f981c6]" started-at="2024-06-07T19:27:36 IST" name="jsonSchemaValidation" finished-at="2024-06-07T19:27:40 IST" duration-ms="3547" status="PASS">
          <reporter-output>
          </reporter-output>
        </test-method> <!-- jsonSchemaValidation -->
      </class> <!-- E06_JSONandXMLSchemaValidation.E06a_JSONSchemaValidation2 -->
    </test> <!-- Default test -->
  </suite> <!-- Default suite -->
</testng-results>
