<?xml version="1.0" encoding="UTF-8"?>
<testng-results ignored="0" total="3" passed="3" failed="0" skipped="0">
  <reporter-output>
  </reporter-output>
  <suite started-at="2025-04-12T17:53:57 IST" name="Suite" finished-at="2025-04-12T17:54:32 IST" duration-ms="35802">
    <groups>
    </groups>
    <test started-at="2025-04-12T17:53:57 IST" name="Test" finished-at="2025-04-12T17:54:32 IST" duration-ms="35802">
      <class name="testCases.TC001_AccountRegestrationTest">
        <test-method is-config="true" signature="setUp(java.lang.String,java.lang.String)[pri:0, instance:testCases.TC001_AccountRegestrationTest@52f27fbd]" started-at="2025-04-12T17:53:57 IST" name="setUp" finished-at="2025-04-12T17:54:07 IST" duration-ms="9281" status="PASS">
          <params>
            <param index="0">
              <value>
                <![CDATA[windows]]>
              </value>
            </param>
            <param index="1">
              <value>
                <![CDATA[chrome]]>
              </value>
            </param>
          </params>
          <reporter-output>
          </reporter-output>
        </test-method> <!-- setUp -->
        <test-method is-config="true" signature="loggerClassSetUpMethod()[pri:0, instance:testCases.TC001_AccountRegestrationTest@52f27fbd]" started-at="2025-04-12T17:54:07 IST" name="loggerClassSetUpMethod" finished-at="2025-04-12T17:54:08 IST" duration-ms="1601" status="PASS">
          <reporter-output>
          </reporter-output>
        </test-method> <!-- loggerClassSetUpMethod -->
        <test-method signature="verify_account_registration()[pri:0, instance:testCases.TC001_AccountRegestrationTest@52f27fbd]" started-at="2025-04-12T17:54:08 IST" name="verify_account_registration" finished-at="2025-04-12T17:54:17 IST" duration-ms="8682" status="PASS">
          <reporter-output>
          </reporter-output>
        </test-method> <!-- verify_account_registration -->
        <test-method is-config="true" signature="tearDown()[pri:0, instance:testCases.TC001_AccountRegestrationTest@52f27fbd]" started-at="2025-04-12T17:54:28 IST" name="tearDown" finished-at="2025-04-12T17:54:32 IST" duration-ms="4482" status="PASS">
          <reporter-output>
          </reporter-output>
        </test-method> <!-- tearDown -->
      </class> <!-- testCases.TC001_AccountRegestrationTest -->
      <class name="testCases.TC002_LoginTest">
        <test-method is-config="true" signature="loggerClassSetUpMethod()[pri:0, instance:testCases.TC002_LoginTest@536f2a7e]" started-at="2025-04-12T17:54:17 IST" name="loggerClassSetUpMethod" finished-at="2025-04-12T17:54:17 IST" duration-ms="1" status="PASS">
          <reporter-output>
          </reporter-output>
        </test-method> <!-- loggerClassSetUpMethod -->
        <test-method signature="verify_login_test()[pri:0, instance:testCases.TC002_LoginTest@536f2a7e]" started-at="2025-04-12T17:54:17 IST" name="verify_login_test" finished-at="2025-04-12T17:54:26 IST" duration-ms="9111" status="PASS">
          <reporter-output>
          </reporter-output>
        </test-method> <!-- verify_login_test -->
      </class> <!-- testCases.TC002_LoginTest -->
      <class name="testCases.TC003_LogoutTest">
        <test-method is-config="true" signature="loggerClassSetUpMethod()[pri:0, instance:testCases.TC003_LogoutTest@72bc6553]" started-at="2025-04-12T17:54:26 IST" name="loggerClassSetUpMethod" finished-at="2025-04-12T17:54:26 IST" duration-ms="0" status="PASS">
          <reporter-output>
          </reporter-output>
        </test-method> <!-- loggerClassSetUpMethod -->
        <test-method signature="verify_logout_test()[pri:0, instance:testCases.TC003_LogoutTest@72bc6553]" started-at="2025-04-12T17:54:26 IST" name="verify_logout_test" finished-at="2025-04-12T17:54:28 IST" duration-ms="1952" status="PASS">
          <reporter-output>
          </reporter-output>
        </test-method> <!-- verify_logout_test -->
      </class> <!-- testCases.TC003_LogoutTest -->
    </test> <!-- Test -->
  </suite> <!-- Suite -->
</testng-results>
