<?xml version="1.0" encoding="UTF-8"?>
<testng-results ignored="0" total="1" passed="1" failed="0" skipped="0">
  <reporter-output>
  </reporter-output>
  <suite started-at="2023-12-01T13:02:21 IST" name="Default suite" finished-at="2023-12-01T13:02:30 IST" duration-ms="9110">
    <groups>
    </groups>
    <test started-at="2023-12-01T13:02:21 IST" name="Default test" finished-at="2023-12-01T13:02:30 IST" duration-ms="9110">
      <class name="sample.pack.ExtentDemo">
        <test-method is-config="true" signature="extentInfo()[pri:0, instance:sample.pack.ExtentDemo@31fa1761]" started-at="2023-12-01T13:02:21 IST" name="extentInfo" finished-at="2023-12-01T13:02:21 IST" duration-ms="268" status="PASS">
          <reporter-output>
          </reporter-output>
        </test-method> <!-- extentInfo -->
        <test-method is-config="true" signature="setUp()[pri:0, instance:sample.pack.ExtentDemo@31fa1761]" started-at="2023-12-01T13:02:21 IST" name="setUp" finished-at="2023-12-01T13:02:29 IST" duration-ms="7565" status="PASS">
          <reporter-output>
          </reporter-output>
        </test-method> <!-- setUp -->
        <test-method signature="titleTest()[pri:0, instance:sample.pack.ExtentDemo@31fa1761]" started-at="2023-12-01T13:02:29 IST" name="titleTest" finished-at="2023-12-01T13:02:29 IST" duration-ms="246" status="PASS">
          <reporter-output>
          </reporter-output>
        </test-method> <!-- titleTest -->
        <test-method is-config="true" signature="tearDown()[pri:0, instance:sample.pack.ExtentDemo@31fa1761]" started-at="2023-12-01T13:02:29 IST" name="tearDown" finished-at="2023-12-01T13:02:30 IST" duration-ms="500" status="PASS">
          <reporter-output>
          </reporter-output>
        </test-method> <!-- tearDown -->
        <test-method is-config="true" signature="endReport()[pri:0, instance:sample.pack.ExtentDemo@31fa1761]" started-at="2023-12-01T13:02:30 IST" name="endReport" finished-at="2023-12-01T13:02:30 IST" duration-ms="485" status="PASS">
          <reporter-output>
          </reporter-output>
        </test-method> <!-- endReport -->
      </class> <!-- sample.pack.ExtentDemo -->
    </test> <!-- Default test -->
  </suite> <!-- Default suite -->
</testng-results>
