<?xml version="1.0" encoding="UTF-8"?>
<testng-results ignored="0" total="5" passed="5" failed="0" skipped="0">
  <reporter-output>
  </reporter-output>
  <suite started-at="2025-01-20T14:34:34 IST" name="Default suite" finished-at="2025-01-20T14:34:34 IST" duration-ms="112">
    <groups>
    </groups>
    <test started-at="2025-01-20T14:34:34 IST" name="Default test" finished-at="2025-01-20T14:34:34 IST" duration-ms="112">
      <class name="TestNG_with_WD.EX2c_Assigning_NegetivePriority_to_testMethods">
        <test-method signature="testA2()[pri:-2, instance:TestNG_with_WD.EX2c_Assigning_NegetivePriority_to_testMethods@783a467b]" started-at="2025-01-20T14:34:34 IST" name="testA2" finished-at="2025-01-20T14:34:34 IST" duration-ms="23" status="PASS">
          <reporter-output>
          </reporter-output>
        </test-method> <!-- testA2 -->
        <test-method signature="testA1()[pri:-1, instance:TestNG_with_WD.EX2c_Assigning_NegetivePriority_to_testMethods@783a467b]" started-at="2025-01-20T14:34:34 IST" name="testA1" finished-at="2025-01-20T14:34:34 IST" duration-ms="2" status="PASS">
          <reporter-output>
          </reporter-output>
        </test-method> <!-- testA1 -->
        <test-method signature="testB()[pri:0, instance:TestNG_with_WD.EX2c_Assigning_NegetivePriority_to_testMethods@783a467b]" started-at="2025-01-20T14:34:34 IST" name="testB" finished-at="2025-01-20T14:34:34 IST" duration-ms="5" status="PASS">
          <reporter-output>
          </reporter-output>
        </test-method> <!-- testB -->
        <test-method signature="testC1()[pri:1, instance:TestNG_with_WD.EX2c_Assigning_NegetivePriority_to_testMethods@783a467b]" started-at="2025-01-20T14:34:34 IST" name="testC1" finished-at="2025-01-20T14:34:34 IST" duration-ms="2" status="PASS">
          <reporter-output>
          </reporter-output>
        </test-method> <!-- testC1 -->
        <test-method signature="testC2()[pri:2, instance:TestNG_with_WD.EX2c_Assigning_NegetivePriority_to_testMethods@783a467b]" started-at="2025-01-20T14:34:34 IST" name="testC2" finished-at="2025-01-20T14:34:34 IST" duration-ms="3" status="PASS">
          <reporter-output>
          </reporter-output>
        </test-method> <!-- testC2 -->
      </class> <!-- TestNG_with_WD.EX2c_Assigning_NegetivePriority_to_testMethods -->
    </test> <!-- Default test -->
  </suite> <!-- Default suite -->
</testng-results>
