<?xml version="1.0" encoding="UTF-8"?>
<testng-results ignored="0" total="2" passed="2" failed="0" skipped="0">
  <reporter-output>
  </reporter-output>
  <suite started-at="2025-06-09T19:07:53 IST" name="Default suite" finished-at="2025-06-09T19:07:53 IST" duration-ms="92">
    <groups>
    </groups>
    <test started-at="2025-06-09T19:07:53 IST" name="Default test" finished-at="2025-06-09T19:07:53 IST" duration-ms="92">
      <class name="Java_Examples.sort_mtd3">
        <test-method signature="approach1()[pri:0, instance:Java_Examples.sort_mtd3@52b1beb6]" started-at="2025-06-09T19:07:53 IST" name="approach1" finished-at="2025-06-09T19:07:53 IST" duration-ms="22" status="PASS">
          <reporter-output>
          </reporter-output>
        </test-method> <!-- approach1 -->
        <test-method signature="approach2()[pri:0, instance:Java_Examples.sort_mtd3@52b1beb6]" started-at="2025-06-09T19:07:53 IST" name="approach2" finished-at="2025-06-09T19:07:53 IST" duration-ms="3" status="PASS">
          <reporter-output>
          </reporter-output>
        </test-method> <!-- approach2 -->
      </class> <!-- Java_Examples.sort_mtd3 -->
    </test> <!-- Default test -->
  </suite> <!-- Default suite -->
</testng-results>
