<?xml version="1.0" encoding="UTF-8"?>
<!-- Generated by org.testng.reporters.JUnitXMLReporter -->
<testsuite ignored="2" hostname="Dell-i37-9Z1F2P2-w11x64" failures="0" tests="3" name="Default test(failed)" time="15.703" errors="0" timestamp="2025-03-31T13:57:58 IST">
  <testcase classname="RetryingTheFailedTestMethods_using_TestNGFailedxmlFile.TestScript" name="testMethod3" time="0.045"/>
  <testcase classname="RetryingTheFailedTestMethods_using_TestNGFailedxmlFile.TestScript" name="testMethod1" time="0.039"/>
  <testcase classname="RetryingTheFailedTestMethods_using_TestNGFailedxmlFile.TestScript" name="testMethod5" time="0.005"/>
  <testcase classname="RetryingTheFailedTestMethods_using_TestNGFailedxmlFile.TestScript" name="testMethod2" time="0.0">
    <ignored/>
  </testcase> <!-- testMethod2 -->
  <testcase classname="RetryingTheFailedTestMethods_using_TestNGFailedxmlFile.TestScript" name="testMethod4" time="0.0">
    <ignored/>
  </testcase> <!-- testMethod4 -->
</testsuite> <!-- Default test(failed) -->
